<?xml version="1.0" encoding="UTF-8"?>
<!-- Generated by org.testng.reporters.JUnitReportReporter -->
<testsuite hostname="DESKTOP-315BBS2" failures="0" tests="1" name="test.LoginPageTest" time="10.491" errors="0" timestamp="2025-03-16T17:26:54 IST" skipped="0">
  <testcase classname="test.LoginPageTest" name="LoginTest" time="10.491"/>
</testsuite> <!-- test.LoginPageTest -->
