<?xml version="1.0" encoding="UTF-8"?>
<!-- Generated by org.testng.reporters.JUnitReportReporter -->
<testsuite hostname="DESKTOP-315BBS2" failures="0" tests="1" name="test.AnnotationSample" time="0.014" errors="0" timestamp="2025-03-04T12:06:46 IST" skipped="0">
  <testcase classname="test.AnnotationSample" name="testMethod" time="0.014"/>
</testsuite> <!-- test.AnnotationSample -->
